Arguments: 
  C:\Program Files\nodejs\node.exe C:\Users\SAMEER SHAIK\AppData\Roaming\npm\node_modules\yarn\bin\yarn.js add @material-ui/core

PATH: 
  C:\windows\system32;C:\windows;C:\windows\System32\Wbem;C:\windows\System32\WindowsPowerShell\v1.0\;C:\windows\System32\OpenSSH\;C:\Program Files (x86)\NVIDIA Corporation\PhysX\Common;C:\Program Files\NVIDIA Corporation\NVIDIA NvDLISR;C:\WINDOWS\system32;C:\WINDOWS;C:\WINDOWS\System32\Wbem;C:\WINDOWS\System32\WindowsPowerShell\v1.0\;C:\WINDOWS\System32\OpenSSH\;C:\Users\SAMEER SHAIK\Documents\sqlite3;C:\Program Files\nodejs\;C:\Program Files\Git\cmd;C:\Python\Python37\Scripts\;C:\Python\Python37\;C:\Users\SAMEER SHAIK\AppData\Local\Microsoft\WindowsApps;C:\Users\SAMEER SHAIK\AppData\Roaming\npm;C:\Users\SAMEER SHAIK\AppData\Local\Programs\Microsoft VS Code\bin

Yarn version: 
  1.22.10

Node version: 
  14.16.1

Platform: 
  win32 x64

Trace: 
  Error: getaddrinfo ENOTFOUND registry.yarnpkg.com
      at GetAddrInfoReqWrap.onlookup [as oncomplete] (dns.js:67:26)

npm manifest: 
  {
    "dependencies": {
      "razorpay": "^2.0.6"
    }
  }

yarn manifest: 
  No manifest

Lockfile: 
  No lockfile
